<?xml version="1.0" encoding="UTF-8"?>
<!-- Generated by org.testng.reporters.JUnitReportReporter -->
<testsuite hostname="DESKTOP-DKVT03K" failures="0" tests="1" name="testCases.TC006_ProductDetailsTest" time="19.230" errors="0" timestamp="2024-12-26T19:57:06 IST" skipped="0">
  <testcase classname="testCases.TC006_ProductDetailsTest" name="verifyProductDetailsPage" time="19.230"/>
  <system-out/>
</testsuite> <!-- testCases.TC006_ProductDetailsTest -->
