<?xml version="1.0" encoding="UTF-8"?>
<!-- Generated by org.testng.reporters.JUnitReportReporter -->
<testsuite hostname="DESKTOP-DKVT03K" failures="0" tests="1" name="testCases.TC002_LoginTest" time="4.492" errors="0" timestamp="2024-12-26T19:57:06 IST" skipped="0">
  <testcase classname="testCases.TC002_LoginTest" name="verify_Login" time="4.492"/>
  <system-out/>
</testsuite> <!-- testCases.TC002_LoginTest -->
