<?xml version="1.0" encoding="UTF-8"?>
<!-- Generated by org.testng.reporters.JUnitReportReporter -->
<testsuite hostname="DESKTOP-DKVT03K" failures="0" tests="1" name="testCases.TC004_NewLumaCollection" time="4.250" errors="0" timestamp="2024-12-24T18:46:22 IST" skipped="0">
  <testcase classname="testCases.TC004_NewLumaCollection" name="verifyNewLumaCollection" time="4.250"/>
  <system-out/>
</testsuite> <!-- testCases.TC004_NewLumaCollection -->
