<?xml version="1.0" encoding="UTF-8"?>
<!-- Generated by org.testng.reporters.JUnitReportReporter -->
<testsuite hostname="DESKTOP-DKVT03K" failures="0" tests="1" name="testCases.TC003_LoginDDT" time="0.000" errors="0" timestamp="2024-12-12T19:15:48 IST" skipped="1">
  <testcase classname="testCases.TC003_LoginDDT" name="verify_LoginDDT" time="0.000">
    <skipped/>
  </testcase> <!-- verify_LoginDDT -->
  <system-out/>
</testsuite> <!-- testCases.TC003_LoginDDT -->
