<?xml version="1.0" encoding="UTF-8"?>
<!-- Generated by org.testng.reporters.JUnitReportReporter -->
<testsuite hostname="DESKTOP-DKVT03K" failures="0" tests="1" name="testCases.TC005_NewLumaCollection" time="7.007" errors="0" timestamp="2024-12-24T20:22:07 IST" skipped="0">
  <testcase classname="testCases.TC005_NewLumaCollection" name="verifyNewLumaCollection" time="7.007"/>
  <system-out/>
</testsuite> <!-- testCases.TC005_NewLumaCollection -->
