<?xml version="1.0" encoding="UTF-8"?>
<!-- Generated by org.testng.reporters.JUnitReportReporter -->
<testsuite hostname="DESKTOP-DKVT03K" failures="0" tests="1" name="testCases.TC005_Hoodies_Sweatshirts" time="44.243" errors="0" timestamp="2024-12-27T15:50:41 IST" skipped="0">
  <testcase classname="testCases.TC005_Hoodies_Sweatshirts" name="verifyHoodies_Sweatshirts" time="44.243"/>
  <system-out/>
</testsuite> <!-- testCases.TC005_Hoodies_Sweatshirts -->
