<?xml version="1.0" encoding="UTF-8"?>
<!-- Generated by org.testng.reporters.JUnitReportReporter -->
<testsuite hostname="DESKTOP-DKVT03K" failures="0" tests="1" name="testCases.TC004_WhatsNew" time="5.024" errors="0" timestamp="2024-12-26T20:45:33 IST" skipped="0">
  <testcase classname="testCases.TC004_WhatsNew" name="verifyWhatsNew" time="5.024"/>
  <system-out/>
</testsuite> <!-- testCases.TC004_WhatsNew -->
